{
  "RSpec": {
    "coverage": {
      "/Users/kc/Documents/Rails/codefellows/hw3/ticketee/app/models/user.rb": [
        1,
        null,
        null,
        null,
        1,
        null,
        null,
        null,
        1,
        null,
        1,
        null,
        1,
        32,
        null,
        null,
        1,
        null
      ],
      "/Users/kc/Documents/Rails/codefellows/hw3/ticketee/app/controllers/application_controller.rb": [
        1,
        1,
        null,
        1,
        null,
        1,
        62,
        62,
        6,
        6,
        null,
        null,
        null
      ],
      "/Users/kc/Documents/Rails/codefellows/hw3/ticketee/app/helpers/application_helper.rb": [
        1,
        1,
        25,
        25,
        25,
        null,
        null,
        null,
        null,
        1,
        null,
        250,
        null,
        null,
        1,
        24,
        49,
        null,
        null
      ],
      "/Users/kc/Documents/Rails/codefellows/hw3/ticketee/app/helpers/admin/permissions_helper.rb": [
        1,
        1,
        null,
        null,
        4,
        null,
        null
      ],
      "/Users/kc/Documents/Rails/codefellows/hw3/ticketee/app/helpers/admin/users_helper.rb": [
        1,
        null
      ],
      "/Users/kc/Documents/Rails/codefellows/hw3/ticketee/app/helpers/projects_helper.rb": [
        1,
        null
      ],
      "/Users/kc/Documents/Rails/codefellows/hw3/ticketee/app/helpers/tickets_helper.rb": [
        1,
        null
      ],
      "/Users/kc/Documents/Rails/codefellows/hw3/ticketee/app/helpers/users_helper.rb": [
        1,
        null
      ],
      "/Users/kc/Documents/Rails/codefellows/hw3/ticketee/app/controllers/admin/base_controllers.rb": [
        1,
        1,
        null,
        1,
        null,
        null
      ],
      "/Users/kc/Documents/Rails/codefellows/hw3/ticketee/app/controllers/admin/permissions_controller.rb": [
        1,
        1,
        null,
        1,
        2,
        2,
        null,
        null,
        1,
        1,
        1,
        1,
        1,
        1,
        null,
        null,
        null,
        null,
        1,
        1,
        null,
        null,
        1,
        null,
        1,
        3,
        null,
        null
      ],
      "/Users/kc/Documents/Rails/codefellows/hw3/ticketee/app/models/permission.rb": [
        1,
        null,
        1,
        1,
        1,
        null
      ],
      "/Users/kc/Documents/Rails/codefellows/hw3/ticketee/app/controllers/admin/users_controller.rb": [
        1,
        1,
        null,
        1,
        15,
        null,
        null,
        1,
        3,
        null,
        null,
        1,
        3,
        3,
        2,
        2,
        null,
        1,
        1,
        null,
        null,
        null,
        1,
        null,
        null,
        1,
        null,
        null,
        1,
        3,
        3,
        3,
        3,
        null,
        null,
        3,
        2,
        2,
        null,
        1,
        1,
        null,
        null,
        null,
        1,
        2,
        1,
        null,
        1,
        1,
        null,
        2,
        null,
        null,
        1,
        null,
        1,
        14,
        null,
        null
      ],
      "/Users/kc/Documents/Rails/codefellows/hw3/ticketee/app/controllers/projects_controller.rb": [
        1,
        1,
        1,
        1,
        null,
        1,
        null,
        67,
        null,
        null,
        1,
        2,
        null,
        null,
        1,
        2,
        2,
        1,
        1,
        null,
        1,
        1,
        null,
        null,
        null,
        1,
        null,
        null,
        1,
        null,
        null,
        1,
        2,
        1,
        1,
        null,
        1,
        1,
        null,
        null,
        null,
        1,
        1,
        1,
        1,
        null,
        null,
        1,
        1,
        null,
        null,
        null,
        null,
        null,
        null,
        34,
        null,
        4,
        null,
        4,
        null,
        null
      ],
      "/Users/kc/Documents/Rails/codefellows/hw3/ticketee/app/models/project.rb": [
        1,
        1,
        null,
        1,
        1,
        null,
        1,
        1,
        77,
        null,
        null,
        null,
        1,
        130,
        null,
        null
      ],
      "/Users/kc/Documents/Rails/codefellows/hw3/ticketee/app/controllers/registrations_controller.rb": [
        1,
        null,
        1,
        1,
        1,
        null,
        null,
        null
      ],
      "/Users/kc/Documents/Rails/codefellows/hw3/ticketee/app/controllers/tickets_controller.rb": [
        1,
        null,
        1,
        1,
        1,
        1,
        1,
        1,
        null,
        1,
        3,
        null,
        null,
        1,
        3,
        3,
        3,
        1,
        1,
        null,
        2,
        2,
        null,
        null,
        null,
        1,
        null,
        null,
        1,
        null,
        null,
        1,
        2,
        1,
        1,
        null,
        1,
        1,
        null,
        null,
        null,
        1,
        1,
        1,
        1,
        null,
        null,
        1,
        1,
        null,
        29,
        null,
        1,
        1,
        null,
        null,
        1,
        20,
        null,
        null,
        1,
        8,
        2,
        2,
        null,
        null,
        null,
        1,
        6,
        2,
        2,
        null,
        null,
        null,
        1,
        2,
        1,
        1,
        null,
        null,
        null
      ],
      "/Users/kc/Documents/Rails/codefellows/hw3/ticketee/app/models/ticket.rb": [
        1,
        1,
        1,
        1,
        1,
        1,
        1,
        null
      ],
      "/Users/kc/Documents/Rails/codefellows/hw3/ticketee/app/controllers/users_controller.rb": [
        1,
        1,
        null,
        null
      ],
      "/Users/kc/Documents/Rails/codefellows/hw3/ticketee/app/models/ability.rb": [
        1,
        1,
        null,
        1,
        55,
        72,
        null,
        null,
        22,
        null,
        null,
        null,
        null,
        null
      ]
    },
    "timestamp": 1374913035
  }
}
